<?xml version="1.0" encoding="UTF-8"?>
<robot generator="Robot 3.2.2 (Python 3.8.4 on win32)" generated="20200905 16:47:10.788" rpa="false">
<suite id="s1" name="Bot" source="C:\Users\Ninja\Work\4 year 1 term\Computer Intelligence\neural_networks\botTest\bot.robot">
<test id="s1-t1" name="Google Index">
<kw name="Go to Google">
<kw name="Open Browser" library="Selenium2Library">
<doc>Opens a new browser instance to the optional ``url``.</doc>
<arguments>
<arg>${url}</arg>
<arg>${browser}</arg>
</arguments>
<msg timestamp="20200905 16:47:11.028" level="INFO">Opening browser 'chrome' to base url 'https://google.co.th/'.</msg>
<status status="PASS" starttime="20200905 16:47:11.028" endtime="20200905 16:47:15.227"></status>
</kw>
<kw name="Maximize Browser Window" library="Selenium2Library">
<doc>Maximizes current browser window.</doc>
<status status="PASS" starttime="20200905 16:47:15.227" endtime="20200905 16:47:17.405"></status>
</kw>
<status status="PASS" starttime="20200905 16:47:11.027" endtime="20200905 16:47:17.406"></status>
</kw>
<kw name="Input Text name=q Robot Framework">
<msg timestamp="20200905 16:47:17.419" level="FAIL">No keyword with name 'Input Text name=q Robot Framework' found.</msg>
<status status="FAIL" starttime="20200905 16:47:17.419" endtime="20200905 16:47:17.420"></status>
</kw>
<status status="FAIL" starttime="20200905 16:47:11.026" endtime="20200905 16:47:17.426" critical="yes">No keyword with name 'Input Text name=q Robot Framework' found.</status>
</test>
<status status="FAIL" starttime="20200905 16:47:10.790" endtime="20200905 16:47:17.435"></status>
</suite>
<statistics>
<total>
<stat pass="0" fail="1">Critical Tests</stat>
<stat pass="0" fail="1">All Tests</stat>
</total>
<tag>
</tag>
<suite>
<stat pass="0" fail="1" id="s1" name="Bot">Bot</stat>
</suite>
</statistics>
<errors>
</errors>
</robot>
